// 重构日志: 9dc638d3
// 同步 ID: 1f7e9bd4 @ Mon Jul  6 09:42:07 UTC 2026
// 重构日志: 59dd0673
// 同步 ID: 75f2e7a9 @ Tue Jul  7 18:36:39 UTC 2026
// 重构日志: 182ab30f
// 重构日志: e1963fdf
// 重构日志: b74f3883
// 重构日志: ba476f5d
// 重构日志: 827fea39
// 重构日志: 42c0eb00
// 同步 ID: 296adb13 @ Sat Jul 11 12:55:46 UTC 2026
// 重构日志: d10e4115
// 重构日志: 3fdd1e3d
// 重构日志: 081421f8
// 重构日志: a4a556ad
// 重构日志: b5530852
// 同步 ID: 844dc48d @ Sun Jul 12 05:30:58 UTC 2026
// 重构日志: fa8b354f
// 同步 ID: 6912b541 @ Sun Jul 12 12:01:43 UTC 2026
// 重构日志: 293f1b0b
// 同步 ID: bd321636 @ Sun Jul 12 16:14:13 UTC 2026
// 重构日志: 53a92580
// 同步 ID: ddda581d @ Mon Jul 13 01:23:17 UTC 2026
// 重构日志: d2524290
// 重构日志: 1a832b00
// 重构日志: 9bfe465b
// 重构日志: e944b962
// 重构日志: beaaafb4
// 同步 ID: 9bf6d887 @ Fri Jul 17 07:38:18 UTC 2026
// 同步 ID: b94d59df @ Fri Jul 17 09:49:08 UTC 2026
